0 info it worked if it ends with ok
1 verbose cli [ '/usr/bin/nodejs',
1 verbose cli   '/usr/bin/npm',
1 verbose cli   'install',
1 verbose cli   '-g',
1 verbose cli   'protractor',
1 verbose cli   '--save' ]
2 info using npm@2.15.1
3 info using node@v4.4.4
4 verbose install initial load of /usr/lib/package.json
5 verbose readDependencies loading dependencies from /usr/lib/package.json
6 silly cache add args [ 'protractor', null ]
7 verbose cache add spec protractor
8 silly cache add parsed spec Result {
8 silly cache add   raw: 'protractor',
8 silly cache add   scope: null,
8 silly cache add   name: 'protractor',
8 silly cache add   rawSpec: '',
8 silly cache add   spec: 'latest',
8 silly cache add   type: 'tag' }
9 silly addNamed protractor@latest
10 verbose addNamed "latest" is being treated as a dist-tag for protractor
11 info addNameTag [ 'protractor', 'latest' ]
12 silly mapToRegistry name protractor
13 silly mapToRegistry using default registry
14 silly mapToRegistry registry https://registry.npmjs.org/
15 silly mapToRegistry data Result {
15 silly mapToRegistry   raw: 'protractor',
15 silly mapToRegistry   scope: null,
15 silly mapToRegistry   name: 'protractor',
15 silly mapToRegistry   rawSpec: '',
15 silly mapToRegistry   spec: 'latest',
15 silly mapToRegistry   type: 'tag' }
16 silly mapToRegistry uri https://registry.npmjs.org/protractor
17 verbose addNameTag registry:https://registry.npmjs.org/protractor not in flight; fetching
18 verbose request uri https://registry.npmjs.org/protractor
19 verbose request no auth needed
20 info attempt registry request try #1 at 20:08:49
21 verbose request id bf90d5c498affea1
22 http request GET https://registry.npmjs.org/protractor
23 http 200 https://registry.npmjs.org/protractor
24 verbose headers { server: 'CouchDB/1.5.0 (Erlang OTP/R16B03)',
24 verbose headers   etag: '"93YSVVM1FAH89MLGRQNW7X4ZE"',
24 verbose headers   'content-type': 'application/json',
24 verbose headers   'content-encoding': 'gzip',
24 verbose headers   'cache-control': 'max-age=300',
24 verbose headers   'content-length': '12697',
24 verbose headers   'accept-ranges': 'bytes',
24 verbose headers   date: 'Wed, 18 May 2016 23:08:52 GMT',
24 verbose headers   via: '1.1 varnish',
24 verbose headers   age: '58',
24 verbose headers   connection: 'keep-alive',
24 verbose headers   'x-served-by': 'cache-jfk1033-JFK',
24 verbose headers   'x-cache': 'HIT',
24 verbose headers   'x-cache-hits': '2',
24 verbose headers   'x-timer': 'S1463612932.891705,VS0,VE0',
24 verbose headers   vary: 'Accept-Encoding' }
25 silly get cb [ 200,
25 silly get   { server: 'CouchDB/1.5.0 (Erlang OTP/R16B03)',
25 silly get     etag: '"93YSVVM1FAH89MLGRQNW7X4ZE"',
25 silly get     'content-type': 'application/json',
25 silly get     'content-encoding': 'gzip',
25 silly get     'cache-control': 'max-age=300',
25 silly get     'content-length': '12697',
25 silly get     'accept-ranges': 'bytes',
25 silly get     date: 'Wed, 18 May 2016 23:08:52 GMT',
25 silly get     via: '1.1 varnish',
25 silly get     age: '58',
25 silly get     connection: 'keep-alive',
25 silly get     'x-served-by': 'cache-jfk1033-JFK',
25 silly get     'x-cache': 'HIT',
25 silly get     'x-cache-hits': '2',
25 silly get     'x-timer': 'S1463612932.891705,VS0,VE0',
25 silly get     vary: 'Accept-Encoding' } ]
26 verbose get saving protractor to /home/luis-master/.npm/registry.npmjs.org/protractor/.cache.json
27 verbose correctMkdir /home/luis-master/.npm correctMkdir not in flight; initializing
28 silly addNameTag next cb for protractor with tag latest
29 silly addNamed protractor@3.3.0
30 verbose addNamed "3.3.0" is a plain semver version for protractor
31 silly mapToRegistry name protractor
32 silly mapToRegistry using default registry
33 silly mapToRegistry registry https://registry.npmjs.org/
34 silly mapToRegistry data Result {
34 silly mapToRegistry   raw: 'protractor',
34 silly mapToRegistry   scope: null,
34 silly mapToRegistry   name: 'protractor',
34 silly mapToRegistry   rawSpec: '',
34 silly mapToRegistry   spec: 'latest',
34 silly mapToRegistry   type: 'tag' }
35 silly mapToRegistry uri https://registry.npmjs.org/protractor
36 verbose addRemoteTarball https://registry.npmjs.org/protractor/-/protractor-3.3.0.tgz not in flight; adding
37 verbose addRemoteTarball [ 'https://registry.npmjs.org/protractor/-/protractor-3.3.0.tgz',
37 verbose addRemoteTarball   '7f4468306ac29a315086daf64a2b4a15c0bc1317' ]
38 info retry fetch attempt 1 at 20:08:53
39 info attempt registry request try #1 at 20:08:53
40 http fetch GET https://registry.npmjs.org/protractor/-/protractor-3.3.0.tgz
41 http fetch 200 https://registry.npmjs.org/protractor/-/protractor-3.3.0.tgz
42 silly fetchAndShaCheck shasum 7f4468306ac29a315086daf64a2b4a15c0bc1317
43 verbose addTmpTarball /tmp/npm-4084-cbd144f7/registry.npmjs.org/protractor/-/protractor-3.3.0.tgz not in flight; adding
44 verbose addTmpTarball already have metadata; skipping unpack for protractor@3.3.0
45 verbose correctMkdir /home/luis-master/.npm correctMkdir not in flight; initializing
46 silly cache afterAdd protractor@3.3.0
47 verbose afterAdd /home/luis-master/.npm/protractor/3.3.0/package/package.json not in flight; writing
48 verbose correctMkdir /home/luis-master/.npm correctMkdir not in flight; initializing
49 verbose afterAdd /home/luis-master/.npm/protractor/3.3.0/package/package.json written
50 silly install resolved [ { name: 'protractor',
50 silly install resolved     description: 'Webdriver E2E test wrapper for Angular.',
50 silly install resolved     homepage: 'https://github.com/angular/protractor',
50 silly install resolved     keywords:
50 silly install resolved      [ 'angular',
50 silly install resolved        'test',
50 silly install resolved        'testing',
50 silly install resolved        'webdriver',
50 silly install resolved        'webdriverjs',
50 silly install resolved        'selenium' ],
50 silly install resolved     author: { name: 'Julie Ralph', email: 'ju.ralph@gmail.com' },
50 silly install resolved     dependencies:
50 silly install resolved      { 'adm-zip': '0.4.7',
50 silly install resolved        chalk: '^1.1.3',
50 silly install resolved        glob: '~6.0',
50 silly install resolved        jasmine: '2.4.1',
50 silly install resolved        jasminewd2: '0.0.9',
50 silly install resolved        optimist: '~0.6.0',
50 silly install resolved        q: '1.4.1',
50 silly install resolved        request: '~2.67.0',
50 silly install resolved        saucelabs: '~1.0.1',
50 silly install resolved        'selenium-webdriver': '2.52.0',
50 silly install resolved        'source-map-support': '~0.4.0' },
50 silly install resolved     devDependencies:
50 silly install resolved      { 'body-parser': '1.14.2',
50 silly install resolved        chai: '~3.4.1',
50 silly install resolved        'chai-as-promised': '~5.2.0',
50 silly install resolved        'clang-format': '^1.0.34',
50 silly install resolved        'expect.js': '~0.3.1',
50 silly install resolved        express: '~4.13.3',
50 silly install resolved        gulp: '^3.9.1',
50 silly install resolved        'gulp-clang-format': '^1.0.23',
50 silly install resolved        jshint: '2.9.1',
50 silly install resolved        lodash: '^4.5.1',
50 silly install resolved        marked: '^0.3.3',
50 silly install resolved        mocha: '2.3.4',
50 silly install resolved        rimraf: '~2.5.0',
50 silly install resolved        'run-sequence': '^1.1.5',
50 silly install resolved        typescript: '1.8.2',
50 silly install resolved        typings: '^0.8.1' },
50 silly install resolved     repository: { type: 'git', url: 'git://github.com/angular/protractor.git' },
50 silly install resolved     bin:
50 silly install resolved      { protractor: 'bin/protractor',
50 silly install resolved        'webdriver-manager': 'bin/webdriver-manager' },
50 silly install resolved     main: 'built/protractor.js',
50 silly install resolved     scripts:
50 silly install resolved      { prepublish: 'gulp prepublish',
50 silly install resolved        pretest: 'gulp pretest',
50 silly install resolved        start: 'node testapp/scripts/web-server.js',
50 silly install resolved        test: 'node scripts/test.js',
50 silly install resolved        tsc: './node_modules/typescript/bin/tsc',
50 silly install resolved        'tsc:w': './node_modules/typescript/bin/tsc -w' },
50 silly install resolved     license: 'MIT',
50 silly install resolved     version: '3.3.0',
50 silly install resolved     gitHead: '2800215576e0b9c97f20253f034dd0e0139dd5ee',
50 silly install resolved     bugs: { url: 'https://github.com/angular/protractor/issues' },
50 silly install resolved     _id: 'protractor@3.3.0',
50 silly install resolved     _shasum: '7f4468306ac29a315086daf64a2b4a15c0bc1317',
50 silly install resolved     _from: 'protractor@latest',
50 silly install resolved     _npmVersion: '3.6.0',
50 silly install resolved     _nodeVersion: '5.5.0',
50 silly install resolved     _npmUser: { name: 'angularcore', email: 'angular-core+npm@google.com' },
50 silly install resolved     dist:
50 silly install resolved      { shasum: '7f4468306ac29a315086daf64a2b4a15c0bc1317',
50 silly install resolved        tarball: 'https://registry.npmjs.org/protractor/-/protractor-3.3.0.tgz' },
50 silly install resolved     maintainers: [ [Object], [Object] ],
50 silly install resolved     _npmOperationalInternal:
50 silly install resolved      { host: 'packages-16-east.internal.npmjs.com',
50 silly install resolved        tmp: 'tmp/protractor-3.3.0.tgz_1461623805977_0.6117142830044031' },
50 silly install resolved     directories: {},
50 silly install resolved     _resolved: 'https://registry.npmjs.org/protractor/-/protractor-3.3.0.tgz' } ]
51 info install protractor@3.3.0 into /usr/lib
52 info installOne protractor@3.3.0
53 verbose installOne of protractor to /usr/lib not in flight; installing
54 verbose correctMkdir /home/luis-master/.npm/_locks correctMkdir not in flight; initializing
55 verbose lock using /home/luis-master/.npm/_locks/protractor-acdadd8b7ef76130.lock for /usr/lib/node_modules/protractor
56 silly install write writing protractor 3.3.0 to /usr/lib/node_modules/protractor
57 verbose unbuild lib/node_modules/protractor
58 silly gentlyRm /usr/lib/node_modules/protractor is being purged from base /usr
59 verbose gentlyRm don't care about contents; nuking /usr/lib/node_modules/protractor
60 verbose tar unpack /home/luis-master/.npm/protractor/3.3.0/package.tgz
61 verbose tar unpacking to /usr/lib/node_modules/protractor
62 silly gentlyRm /usr/lib/node_modules/protractor is being purged
63 verbose gentlyRm don't care about contents; nuking /usr/lib/node_modules/protractor
64 silly gunzTarPerm modes [ '775', '664' ]
65 error tar.unpack untar error /home/luis-master/.npm/protractor/3.3.0/package.tgz
66 verbose unlock done using /home/luis-master/.npm/_locks/protractor-acdadd8b7ef76130.lock for /usr/lib/node_modules/protractor
67 verbose fstream_path /usr/lib/node_modules/protractor
68 verbose fstream_type Directory
69 verbose fstream_class DirWriter
70 verbose stack Error: EACCES: permission denied, mkdir '/usr/lib/node_modules/protractor'
70 verbose stack     at Error (native)
71 verbose fstream_stack /usr/lib/node_modules/npm/node_modules/fstream/lib/dir-writer.js:35:25
71 verbose fstream_stack /usr/lib/node_modules/npm/node_modules/mkdirp/index.js:47:53
71 verbose fstream_stack FSReqWrap.oncomplete (fs.js:82:15)
72 verbose cwd /home/luis-master/projects/study-yeoman-angular
73 error Linux 4.2.0-36-generic
74 error argv "/usr/bin/nodejs" "/usr/bin/npm" "install" "-g" "protractor" "--save"
75 error node v4.4.4
76 error npm  v2.15.1
77 error path /usr/lib/node_modules/protractor
78 error code EACCES
79 error errno -13
80 error syscall mkdir
81 error Error: EACCES: permission denied, mkdir '/usr/lib/node_modules/protractor'
81 error     at Error (native)
81 error  { [Error: EACCES: permission denied, mkdir '/usr/lib/node_modules/protractor']
81 error   errno: -13,
81 error   code: 'EACCES',
81 error   syscall: 'mkdir',
81 error   path: '/usr/lib/node_modules/protractor',
81 error   fstream_type: 'Directory',
81 error   fstream_path: '/usr/lib/node_modules/protractor',
81 error   fstream_class: 'DirWriter',
81 error   fstream_stack:
81 error    [ '/usr/lib/node_modules/npm/node_modules/fstream/lib/dir-writer.js:35:25',
81 error      '/usr/lib/node_modules/npm/node_modules/mkdirp/index.js:47:53',
81 error      'FSReqWrap.oncomplete (fs.js:82:15)' ] }
82 error Please try running this command again as root/Administrator.
83 verbose exit [ -13, true ]
84 verbose unbuild lib/node_modules/protractor
85 silly gentlyRm /usr/lib/node_modules/protractor is being purged from base /usr
86 verbose gentlyRm don't care about contents; nuking /usr/lib/node_modules/protractor
